<?xml version="1.0" encoding="UTF-8"?>
<coverage generated="1662153448874" clover="3.2.0">
  <project timestamp="1662153448874" name="All files">
    <metrics statements="7" coveredstatements="7" conditionals="0" coveredconditionals="0" methods="5" coveredmethods="5" elements="12" coveredelements="12" complexity="0" loc="7" ncloc="7" packages="1" files="1" classes="1"/>
    <file name="costumer.js" path="C:\Users\VGRGo\OneDrive\Área de Trabalho\Backend\classes\costumer.js">
      <metrics statements="7" coveredstatements="7" conditionals="0" coveredconditionals="0" methods="5" coveredmethods="5"/>
      <line num="18" count="4" type="stmt"/>
      <line num="19" count="4" type="stmt"/>
      <line num="20" count="4" type="stmt"/>
      <line num="28" count="16" type="stmt"/>
      <line num="36" count="4" type="stmt"/>
      <line num="44" count="4" type="stmt"/>
      <line num="52" count="4" type="stmt"/>
    </file>
  </project>
</coverage>
