{"C:\\Users\\VGRGo\\OneDrive\\Área de Trabalho\\Backend\\classes\\costumer.js": {"path":"C:\\Users\\VGRGo\\OneDrive\\Área de Trabalho\\Backend\\classes\\costumer.js","statementMap":{"0":{"start":{"line":18,"column":4},"end":{"line":18,"column":24}},"1":{"start":{"line":19,"column":4},"end":{"line":19,"column":26}},"2":{"start":{"line":20,"column":4},"end":{"line":20,"column":28}},"3":{"start":{"line":28,"column":4},"end":{"line":28,"column":48}},"4":{"start":{"line":36,"column":4},"end":{"line":36,"column":24}},"5":{"start":{"line":44,"column":4},"end":{"line":44,"column":26}},"6":{"start":{"line":52,"column":4},"end":{"line":52,"column":28}}},"fnMap":{"0":{"name":"(anonymous_0)","decl":{"start":{"line":17,"column":2},"end":{"line":17,"column":3}},"loc":{"start":{"line":17,"column":68},"end":{"line":21,"column":3}},"line":17},"1":{"name":"(anonymous_1)","decl":{"start":{"line":27,"column":2},"end":{"line":27,"column":3}},"loc":{"start":{"line":27,"column":26},"end":{"line":29,"column":3}},"line":27},"2":{"name":"(anonymous_2)","decl":{"start":{"line":35,"column":2},"end":{"line":35,"column":3}},"loc":{"start":{"line":35,"column":28},"end":{"line":37,"column":3}},"line":35},"3":{"name":"(anonymous_3)","decl":{"start":{"line":43,"column":2},"end":{"line":43,"column":3}},"loc":{"start":{"line":43,"column":30},"end":{"line":45,"column":3}},"line":43},"4":{"name":"(anonymous_4)","decl":{"start":{"line":51,"column":2},"end":{"line":51,"column":3}},"loc":{"start":{"line":51,"column":32},"end":{"line":53,"column":3}},"line":51}},"branchMap":{},"s":{"0":4,"1":4,"2":4,"3":16,"4":4,"5":4,"6":4},"f":{"0":4,"1":16,"2":4,"3":4,"4":4},"b":{},"_coverageSchema":"1a1c01bbd47fc00a2c39e90264f33305004495a9","hash":"2143d85eb66937bca31e6c85af81dde86a309c17"}
}
